<?xml version="1.0" encoding="UTF-8"?>
<!-- Generated by org.testng.reporters.JUnitReportReporter -->
<testsuite hostname="DESKTOP-72GO13P" failures="0" tests="1" name="Test_Cases.qalegend_Testcases" time="44.258" errors="0" timestamp="2023-12-05T14:50:03 IST" skipped="0">
  <testcase classname="Test_Cases.qalegend_Testcases" name="tc10" time="44.258"/>
</testsuite> <!-- Test_Cases.qalegend_Testcases -->
